[23-Jan-2017 17:06:39 UTC] PHP Parse error:  syntax error, unexpected '$minciuna' (T_VARIABLE) in /home/ubuntu/workspace/Curs9/index.php on line 18
[23-Jan-2017 17:07:49 UTC] PHP Parse error:  syntax error, unexpected '$minciuna' (T_VARIABLE) in /home/ubuntu/workspace/Curs9/index.php on line 19
[23-Jan-2017 17:08:33 UTC] PHP Parse error:  syntax error, unexpected '$minciuna' (T_VARIABLE) in /home/ubuntu/workspace/Curs9/index.php on line 19
[23-Jan-2017 17:16:48 UTC] PHP Parse error:  syntax error, unexpected 'echo' (T_ECHO), expecting ',' or ';' in /home/ubuntu/workspace/Curs9/index.php on line 26
[23-Jan-2017 17:17:56 UTC] PHP Parse error:  syntax error, unexpected 'echo' (T_ECHO), expecting ',' or ';' in /home/ubuntu/workspace/Curs9/index.php on line 26
[23-Jan-2017 17:18:46 UTC] PHP Parse error:  syntax error, unexpected 'echo' (T_ECHO), expecting ',' or ';' in /home/ubuntu/workspace/Curs9/index.php on line 26
[23-Jan-2017 17:19:57 UTC] PHP Parse error:  syntax error, unexpected 'echo' (T_ECHO), expecting ',' or ';' in /home/ubuntu/workspace/Curs9/index.php on line 26
[23-Jan-2017 18:18:21 UTC] PHP Parse error:  syntax error, unexpected ',' in /home/ubuntu/workspace/Curs9/index.php on line 57
[23-Jan-2017 18:37:05 UTC] PHP Parse error:  syntax error, unexpected ';' in /home/ubuntu/workspace/Curs9/index.php on line 88
[25-Jan-2017 17:06:43 UTC] PHP Parse error:  syntax error, unexpected '<=' (T_IS_SMALLER_OR_EQUAL), expecting variable (T_VARIABLE) or '$' in /home/ubuntu/workspace/Curs10TableExercise/index.php on line 6
[25-Jan-2017 17:08:32 UTC] PHP Parse error:  syntax error, unexpected end of file in /home/ubuntu/workspace/Curs10TableExercise/index.php on line 14
[25-Jan-2017 17:09:19 UTC] PHP Parse error:  syntax error, unexpected end of file in /home/ubuntu/workspace/Curs10TableExercise/index.php on line 14
[25-Jan-2017 17:18:18 UTC] PHP Parse error:  syntax error, unexpected 'value' (T_STRING), expecting ',' or ';' in /home/ubuntu/workspace/Curs10TableExercise/index.php on line 20
[25-Jan-2017 17:21:12 UTC] PHP Parse error:  syntax error, unexpected 'value' (T_STRING), expecting ',' or ';' in /home/ubuntu/workspace/Curs10TableExercise/index.php on line 20
[25-Jan-2017 17:28:57 UTC] PHP Parse error:  syntax error, unexpected 'value' (T_STRING) in /home/ubuntu/workspace/Curs10TableExercise/index.php on line 26
[25-Jan-2017 17:29:33 UTC] PHP Parse error:  syntax error, unexpected 'value' (T_STRING) in /home/ubuntu/workspace/Curs10TableExercise/index.php on line 26
[25-Jan-2017 18:08:15 UTC] PHP Parse error:  syntax error, unexpected ';' in /home/ubuntu/workspace/Curs10TableExercise/index.php on line 71
[25-Jan-2017 18:08:29 UTC] PHP Parse error:  syntax error, unexpected '}', expecting ',' or ';' in /home/ubuntu/workspace/Curs10TableExercise/index.php on line 80
[25-Jan-2017 18:18:28 UTC] PHP Fatal error:  Call to undefined function var_dumo() in /home/ubuntu/workspace/Curs10TableExercise/array.php on line 8
[25-Jan-2017 18:18:28 UTC] PHP Stack trace:
[25-Jan-2017 18:18:28 UTC] PHP   1. {main}() /home/ubuntu/workspace/Curs10TableExercise/array.php:0
[25-Jan-2017 18:18:45 UTC] PHP Fatal error:  Call to undefined function var_dumo() in /home/ubuntu/workspace/Curs10TableExercise/array.php on line 8
[25-Jan-2017 18:18:45 UTC] PHP Stack trace:
[25-Jan-2017 18:18:45 UTC] PHP   1. {main}() /home/ubuntu/workspace/Curs10TableExercise/array.php:0
[25-Jan-2017 18:33:28 UTC] PHP Fatal error:  Cannot use [] for reading in /home/ubuntu/workspace/Curs10TableExercise/array.php on line 35
[25-Jan-2017 19:07:46 UTC] PHP Parse error:  syntax error, unexpected 'printArray' (T_STRING) in /home/ubuntu/workspace/Curs10TableExercise/array.php on line 86
[01-Feb-2017 17:45:18 UTC] PHP Parse error:  syntax error, unexpected '{' in /home/ubuntu/workspace/curs12-PHP-Session/create.php on line 14
[01-Feb-2017 18:54:25 UTC] PHP Parse error:  syntax error, unexpected end of file in /home/ubuntu/workspace/curs12-PHP-Session/login.php on line 45
[05-Feb-2017 15:14:18 UTC] PHP Fatal error:  Call to undefined function move_downloaded_file() in /home/ubuntu/workspace/Curs11-PHP-Intro/formsData.php on line 29
[05-Feb-2017 15:14:18 UTC] PHP Stack trace:
[05-Feb-2017 15:14:18 UTC] PHP   1. {main}() /home/ubuntu/workspace/Curs11-PHP-Intro/formsData.php:0
[05-Feb-2017 15:14:18 UTC] PHP   2. printArray() /home/ubuntu/workspace/Curs11-PHP-Intro/formsData.php:4
[05-Feb-2017 16:30:04 UTC] PHP Parse error:  syntax error, unexpected '}' in /home/ubuntu/workspace/Curs11-PHP-Intro/download.php on line 33
[05-Feb-2017 17:09:03 UTC] PHP Parse error:  syntax error, unexpected end of file in /home/ubuntu/workspace/Curs12-PHP-Session/admin.php on line 19
[05-Feb-2017 17:41:43 UTC] PHP Parse error:  syntax error, unexpected ';' in /home/ubuntu/workspace/Curs12-PHP-Session/admin.php on line 7
[05-Feb-2017 17:42:18 UTC] PHP Parse error:  syntax error, unexpected ';' in /home/ubuntu/workspace/Curs12-PHP-Session/admin.php on line 7
[05-Feb-2017 17:42:29 UTC] PHP Parse error:  syntax error, unexpected ';' in /home/ubuntu/workspace/Curs12-PHP-Session/admin.php on line 7
[05-Feb-2017 17:47:11 UTC] PHP Parse error:  syntax error, unexpected ')', expecting '(' in /home/ubuntu/workspace/Curs12-PHP-Session/admin.php on line 7
[05-Feb-2017 18:04:25 UTC] PHP Parse error:  syntax error, unexpected 'echo' (T_ECHO) in /home/ubuntu/workspace/Curs12-PHP-Session/admin.php on line 12
[05-Feb-2017 18:04:38 UTC] PHP Parse error:  syntax error, unexpected 'echo' (T_ECHO) in /home/ubuntu/workspace/Curs12-PHP-Session/admin.php on line 12
[05-Feb-2017 18:04:42 UTC] PHP Parse error:  syntax error, unexpected 'echo' (T_ECHO) in /home/ubuntu/workspace/Curs12-PHP-Session/admin.php on line 12
[05-Feb-2017 18:04:54 UTC] PHP Parse error:  syntax error, unexpected 'echo' (T_ECHO) in /home/ubuntu/workspace/Curs12-PHP-Session/admin.php on line 12
[05-Feb-2017 18:05:47 UTC] PHP Parse error:  syntax error, unexpected 'echo' (T_ECHO) in /home/ubuntu/workspace/Curs12-PHP-Session/admin.php on line 12
[05-Feb-2017 18:10:58 UTC] PHP Parse error:  syntax error, unexpected 'echo' (T_ECHO) in /home/ubuntu/workspace/Curs12-PHP-Session/admin.php on line 12
[05-Feb-2017 18:11:14 UTC] PHP Parse error:  syntax error, unexpected 'echo' (T_ECHO) in /home/ubuntu/workspace/Curs12-PHP-Session/admin.php on line 12
[06-Feb-2017 18:18:16 UTC] PHP Fatal error:  Cannot access private property Human::$age in /home/ubuntu/workspace/curs13-PHP-OOP/index.php on line 28
[06-Feb-2017 18:18:16 UTC] PHP Stack trace:
[06-Feb-2017 18:18:16 UTC] PHP   1. {main}() /home/ubuntu/workspace/curs13-PHP-OOP/index.php:0
[08-Feb-2017 16:57:34 UTC] PHP Fatal error:  Cannot redeclare class Life in /home/ubuntu/workspace/curs14-PHP-OOP/Life.php on line 3
[08-Feb-2017 16:57:34 UTC] PHP Stack trace:
[08-Feb-2017 16:57:34 UTC] PHP   1. {main}() /home/ubuntu/workspace/curs14-PHP-OOP/index.php:0
[08-Feb-2017 16:57:34 UTC] PHP   2. require() /home/ubuntu/workspace/curs14-PHP-OOP/index.php:4
[08-Feb-2017 17:03:22 UTC] PHP Fatal error:  Cannot redeclare class Life in /home/ubuntu/workspace/curs14-PHP-OOP/Life.php on line 3
[08-Feb-2017 17:03:22 UTC] PHP Stack trace:
[08-Feb-2017 17:03:22 UTC] PHP   1. {main}() /home/ubuntu/workspace/curs14-PHP-OOP/index.php:0
[08-Feb-2017 17:03:22 UTC] PHP   2. require() /home/ubuntu/workspace/curs14-PHP-OOP/index.php:4
[08-Feb-2017 17:03:41 UTC] PHP Fatal error:  Cannot redeclare class Life in /home/ubuntu/workspace/curs14-PHP-OOP/Life.php on line 3
[08-Feb-2017 17:03:41 UTC] PHP Stack trace:
[08-Feb-2017 17:03:41 UTC] PHP   1. {main}() /home/ubuntu/workspace/curs14-PHP-OOP/index.php:0
[08-Feb-2017 17:03:41 UTC] PHP   2. require() /home/ubuntu/workspace/curs14-PHP-OOP/index.php:4
[08-Feb-2017 17:04:21 UTC] PHP Fatal error:  Cannot redeclare class Life in /home/ubuntu/workspace/curs14-PHP-OOP/Life.php on line 3
[08-Feb-2017 17:04:21 UTC] PHP Stack trace:
[08-Feb-2017 17:04:21 UTC] PHP   1. {main}() /home/ubuntu/workspace/curs14-PHP-OOP/index.php:0
[08-Feb-2017 17:04:21 UTC] PHP   2. require() /home/ubuntu/workspace/curs14-PHP-OOP/index.php:4
[08-Feb-2017 17:04:24 UTC] PHP Fatal error:  Cannot redeclare class Life in /home/ubuntu/workspace/curs14-PHP-OOP/Life.php on line 3
[08-Feb-2017 17:04:24 UTC] PHP Stack trace:
[08-Feb-2017 17:04:24 UTC] PHP   1. {main}() /home/ubuntu/workspace/curs14-PHP-OOP/index.php:0
[08-Feb-2017 17:04:24 UTC] PHP   2. require() /home/ubuntu/workspace/curs14-PHP-OOP/index.php:4
[08-Feb-2017 17:06:51 UTC] PHP Fatal error:  Class 'Humam' not found in /home/ubuntu/workspace/curs14-PHP-OOP/index.php on line 6
[08-Feb-2017 17:06:51 UTC] PHP Stack trace:
[08-Feb-2017 17:06:51 UTC] PHP   1. {main}() /home/ubuntu/workspace/curs14-PHP-OOP/index.php:0
[08-Feb-2017 17:07:05 UTC] PHP Fatal error:  Class 'Humam' not found in /home/ubuntu/workspace/curs14-PHP-OOP/index.php on line 6
[08-Feb-2017 17:07:05 UTC] PHP Stack trace:
[08-Feb-2017 17:07:05 UTC] PHP   1. {main}() /home/ubuntu/workspace/curs14-PHP-OOP/index.php:0
[08-Feb-2017 17:07:13 UTC] PHP Fatal error:  Class 'Humam' not found in /home/ubuntu/workspace/curs14-PHP-OOP/index.php on line 6
[08-Feb-2017 17:07:13 UTC] PHP Stack trace:
[08-Feb-2017 17:07:13 UTC] PHP   1. {main}() /home/ubuntu/workspace/curs14-PHP-OOP/index.php:0
[08-Feb-2017 17:08:03 UTC] PHP Fatal error:  Class 'Humam' not found in /home/ubuntu/workspace/curs14-PHP-OOP/index.php on line 6
[08-Feb-2017 17:08:03 UTC] PHP Stack trace:
[08-Feb-2017 17:08:03 UTC] PHP   1. {main}() /home/ubuntu/workspace/curs14-PHP-OOP/index.php:0
[08-Feb-2017 17:10:12 UTC] PHP Notice:  Undefined property: Human::$age in /home/ubuntu/workspace/curs14-PHP-OOP/Human.php on line 16
[08-Feb-2017 17:10:12 UTC] PHP Stack trace:
[08-Feb-2017 17:10:12 UTC] PHP   1. {main}() /home/ubuntu/workspace/curs14-PHP-OOP/index.php:0
[08-Feb-2017 17:10:12 UTC] PHP   2. Human->getAge() /home/ubuntu/workspace/curs14-PHP-OOP/index.php:11
[08-Feb-2017 17:17:40 UTC] PHP Parse error:  syntax error, unexpected 'private' (T_PRIVATE) in /home/ubuntu/workspace/curs14-PHP-OOP/Human.php on line 30
[08-Feb-2017 17:17:40 UTC] PHP Stack trace:
[08-Feb-2017 17:17:40 UTC] PHP   1. {main}() /home/ubuntu/workspace/curs14-PHP-OOP/index.php:0
[08-Feb-2017 17:18:49 UTC] PHP Parse error:  syntax error, unexpected 'private' (T_PRIVATE) in /home/ubuntu/workspace/curs14-PHP-OOP/Human.php on line 30
[08-Feb-2017 17:18:49 UTC] PHP Stack trace:
[08-Feb-2017 17:18:49 UTC] PHP   1. {main}() /home/ubuntu/workspace/curs14-PHP-OOP/index.php:0
[08-Feb-2017 17:20:30 UTC] PHP Fatal error:  Call to undefined method Human::getAge() in /home/ubuntu/workspace/curs14-PHP-OOP/index.php on line 11
[08-Feb-2017 17:20:30 UTC] PHP Stack trace:
[08-Feb-2017 17:20:30 UTC] PHP   1. {main}() /home/ubuntu/workspace/curs14-PHP-OOP/index.php:0
[08-Feb-2017 17:24:45 UTC] PHP Fatal error:  Call to undefined method Human::getAge() in /home/ubuntu/workspace/curs14-PHP-OOP/index.php on line 11
[08-Feb-2017 17:24:45 UTC] PHP Stack trace:
[08-Feb-2017 17:24:45 UTC] PHP   1. {main}() /home/ubuntu/workspace/curs14-PHP-OOP/index.php:0
[08-Feb-2017 17:24:57 UTC] PHP Fatal error:  Call to undefined method Human::getAge() in /home/ubuntu/workspace/curs14-PHP-OOP/index.php on line 11
[08-Feb-2017 17:24:57 UTC] PHP Stack trace:
[08-Feb-2017 17:24:57 UTC] PHP   1. {main}() /home/ubuntu/workspace/curs14-PHP-OOP/index.php:0
[08-Feb-2017 17:28:53 UTC] PHP Fatal error:  Call to undefined method Human::getAge() in /home/ubuntu/workspace/curs14-PHP-OOP/index.php on line 11
[08-Feb-2017 17:28:53 UTC] PHP Stack trace:
[08-Feb-2017 17:28:53 UTC] PHP   1. {main}() /home/ubuntu/workspace/curs14-PHP-OOP/index.php:0
[08-Feb-2017 17:49:12 UTC] PHP Fatal error:  Call to undefined method Human::getAge() in /home/ubuntu/workspace/curs14-PHP-OOP/index.php on line 11
[08-Feb-2017 17:49:12 UTC] PHP Stack trace:
[08-Feb-2017 17:49:12 UTC] PHP   1. {main}() /home/ubuntu/workspace/curs14-PHP-OOP/index.php:0
[20-Feb-2017 18:05:53 UTC] PHP Fatal error:  Call to a member function query() on a non-object in /home/ubuntu/workspace/Curs17-PHP-POO/index.php on line 5
[20-Feb-2017 18:05:53 UTC] PHP Stack trace:
[20-Feb-2017 18:05:53 UTC] PHP   1. {main}() /home/ubuntu/workspace/Curs17-PHP-POO/index.php:0
[20-Feb-2017 18:33:33 UTC] PHP Fatal error:  Call to undefined function execute() in /home/ubuntu/workspace/Curs17-PHP-POO/index.php on line 15
[20-Feb-2017 18:33:33 UTC] PHP Stack trace:
[20-Feb-2017 18:33:33 UTC] PHP   1. {main}() /home/ubuntu/workspace/Curs17-PHP-POO/index.php:0
[20-Feb-2017 18:35:04 UTC] PHP Fatal error:  Call to undefined function execute() in /home/ubuntu/workspace/Curs17-PHP-POO/index.php on line 15
[20-Feb-2017 18:35:04 UTC] PHP Stack trace:
[20-Feb-2017 18:35:04 UTC] PHP   1. {main}() /home/ubuntu/workspace/Curs17-PHP-POO/index.php:0
[20-Feb-2017 18:52:54 UTC] PHP Warning:  PDOStatement::execute(): SQLSTATE[HY093]: Invalid parameter number: parameter was not defined in /home/ubuntu/workspace/Curs17-PHP-PDO/index.php on line 28
[20-Feb-2017 18:52:54 UTC] PHP Stack trace:
[20-Feb-2017 18:52:54 UTC] PHP   1. {main}() /home/ubuntu/workspace/Curs17-PHP-PDO/index.php:0
[20-Feb-2017 18:52:54 UTC] PHP   2. PDOStatement->execute() /home/ubuntu/workspace/Curs17-PHP-PDO/index.php:28
[20-Feb-2017 18:59:59 UTC] PHP Fatal error:  Call to undefined function set() in /home/ubuntu/workspace/Curs17-PHP-PDO/index.php on line 9
[20-Feb-2017 18:59:59 UTC] PHP Stack trace:
[20-Feb-2017 18:59:59 UTC] PHP   1. {main}() /home/ubuntu/workspace/Curs17-PHP-PDO/index.php:0
[20-Feb-2017 19:05:24 UTC] PHP Fatal error:  Call to undefined function set() in /home/ubuntu/workspace/Curs17-PHP-PDO/index.php on line 9
[20-Feb-2017 19:05:24 UTC] PHP Stack trace:
[20-Feb-2017 19:05:24 UTC] PHP   1. {main}() /home/ubuntu/workspace/Curs17-PHP-PDO/index.php:0
[22-Feb-2017 18:41:41 UTC] PHP Notice:  Undefined index: isLogged in /home/ubuntu/workspace/Curs18-PHP-PDO/index.php on line 7
[22-Feb-2017 18:41:41 UTC] PHP Stack trace:
[22-Feb-2017 18:41:41 UTC] PHP   1. {main}() /home/ubuntu/workspace/Curs18-PHP-PDO/index.php:0
[22-Feb-2017 18:42:03 UTC] PHP Parse error:  syntax error, unexpected '' (T_ENCAPSED_AND_WHITESPACE), expecting identifier (T_STRING) or variable (T_VARIABLE) or number (T_NUM_STRING) in /home/ubuntu/workspace/Curs18-PHP-PDO/signup.php on line 30
[22-Feb-2017 18:48:01 UTC] PHP Parse error:  syntax error, unexpected '' (T_ENCAPSED_AND_WHITESPACE), expecting identifier (T_STRING) or variable (T_VARIABLE) or number (T_NUM_STRING) in /home/ubuntu/workspace/Curs18-PHP-PDO/signup.php on line 30
[26-Feb-2017 15:53:21 UTC] PHP Warning:  include(models/users.php): failed to open stream: No such file or directory in /home/ubuntu/workspace/Curs18-PHP-PDO/signup.php on line 4
[26-Feb-2017 15:53:21 UTC] PHP Stack trace:
[26-Feb-2017 15:53:21 UTC] PHP   1. {main}() /home/ubuntu/workspace/Curs18-PHP-PDO/signup.php:0
[26-Feb-2017 15:53:21 UTC] PHP Warning:  include(): Failed opening 'models/users.php' for inclusion (include_path='.:/usr/share/php:/usr/share/pear') in /home/ubuntu/workspace/Curs18-PHP-PDO/signup.php on line 4
[26-Feb-2017 15:53:21 UTC] PHP Stack trace:
[26-Feb-2017 15:53:21 UTC] PHP   1. {main}() /home/ubuntu/workspace/Curs18-PHP-PDO/signup.php:0
[26-Feb-2017 18:05:22 UTC] PHP Parse error:  syntax error, unexpected '?' in /home/ubuntu/workspace/Curs18-PHP-PDO/logout.php on line 3
[26-Feb-2017 18:22:44 UTC] PHP Fatal error:  Call to undefined function session_() in /home/ubuntu/workspace/Curs18-PHP-PDO/logout.php on line 6
[26-Feb-2017 18:22:44 UTC] PHP Stack trace:
[26-Feb-2017 18:22:44 UTC] PHP   1. {main}() /home/ubuntu/workspace/Curs18-PHP-PDO/logout.php:0
[26-Feb-2017 18:30:49 UTC] PHP Warning:  session_destroy(): Trying to destroy uninitialized session in /home/ubuntu/workspace/Curs18-PHP-PDO/logout.php on line 6
[26-Feb-2017 18:30:49 UTC] PHP Stack trace:
[26-Feb-2017 18:30:49 UTC] PHP   1. {main}() /home/ubuntu/workspace/Curs18-PHP-PDO/logout.php:0
[26-Feb-2017 18:30:49 UTC] PHP   2. session_destroy() /home/ubuntu/workspace/Curs18-PHP-PDO/logout.php:6
[26-Feb-2017 18:30:49 UTC] PHP Notice:  Undefined index: count in /home/ubuntu/workspace/Curs18-PHP-PDO/logout.php on line 29
[26-Feb-2017 18:30:49 UTC] PHP Stack trace:
[26-Feb-2017 18:30:49 UTC] PHP   1. {main}() /home/ubuntu/workspace/Curs18-PHP-PDO/logout.php:0
[26-Feb-2017 18:31:08 UTC] PHP Warning:  session_destroy(): Trying to destroy uninitialized session in /home/ubuntu/workspace/Curs18-PHP-PDO/logout.php on line 6
[26-Feb-2017 18:31:08 UTC] PHP Stack trace:
[26-Feb-2017 18:31:08 UTC] PHP   1. {main}() /home/ubuntu/workspace/Curs18-PHP-PDO/logout.php:0
[26-Feb-2017 18:31:08 UTC] PHP   2. session_destroy() /home/ubuntu/workspace/Curs18-PHP-PDO/logout.php:6
[26-Feb-2017 18:31:08 UTC] PHP Notice:  Undefined index: count in /home/ubuntu/workspace/Curs18-PHP-PDO/logout.php on line 29
[26-Feb-2017 18:31:08 UTC] PHP Stack trace:
[26-Feb-2017 18:31:08 UTC] PHP   1. {main}() /home/ubuntu/workspace/Curs18-PHP-PDO/logout.php:0
[26-Feb-2017 18:34:28 UTC] PHP Warning:  session_destroy(): Trying to destroy uninitialized session in /home/ubuntu/workspace/Curs18-PHP-PDO/logout.php on line 6
[26-Feb-2017 18:34:28 UTC] PHP Stack trace:
[26-Feb-2017 18:34:28 UTC] PHP   1. {main}() /home/ubuntu/workspace/Curs18-PHP-PDO/logout.php:0
[26-Feb-2017 18:34:28 UTC] PHP   2. session_destroy() /home/ubuntu/workspace/Curs18-PHP-PDO/logout.php:6
[26-Feb-2017 18:34:28 UTC] PHP Notice:  Undefined index: count in /home/ubuntu/workspace/Curs18-PHP-PDO/logout.php on line 29
[26-Feb-2017 18:34:28 UTC] PHP Stack trace:
[26-Feb-2017 18:34:28 UTC] PHP   1. {main}() /home/ubuntu/workspace/Curs18-PHP-PDO/logout.php:0
[26-Feb-2017 18:37:54 UTC] PHP Warning:  session_destroy(): Trying to destroy uninitialized session in /home/ubuntu/workspace/Curs18-PHP-PDO/logout.php on line 6
[26-Feb-2017 18:37:54 UTC] PHP Stack trace:
[26-Feb-2017 18:37:54 UTC] PHP   1. {main}() /home/ubuntu/workspace/Curs18-PHP-PDO/logout.php:0
[26-Feb-2017 18:37:54 UTC] PHP   2. session_destroy() /home/ubuntu/workspace/Curs18-PHP-PDO/logout.php:6
[26-Feb-2017 18:37:54 UTC] PHP Notice:  Undefined index: count in /home/ubuntu/workspace/Curs18-PHP-PDO/logout.php on line 29
[26-Feb-2017 18:37:54 UTC] PHP Stack trace:
[26-Feb-2017 18:37:54 UTC] PHP   1. {main}() /home/ubuntu/workspace/Curs18-PHP-PDO/logout.php:0
[26-Feb-2017 18:38:24 UTC] PHP Notice:  A session had already been started - ignoring session_start() in /home/ubuntu/workspace/Curs18-PHP-PDO/logout.php on line 15
[26-Feb-2017 18:38:24 UTC] PHP Stack trace:
[26-Feb-2017 18:38:24 UTC] PHP   1. {main}() /home/ubuntu/workspace/Curs18-PHP-PDO/logout.php:0
[26-Feb-2017 18:38:24 UTC] PHP   2. session_start() /home/ubuntu/workspace/Curs18-PHP-PDO/logout.php:15
[26-Feb-2017 18:38:24 UTC] PHP Notice:  Undefined index: count in /home/ubuntu/workspace/Curs18-PHP-PDO/logout.php on line 29
[26-Feb-2017 18:38:24 UTC] PHP Stack trace:
[26-Feb-2017 18:38:24 UTC] PHP   1. {main}() /home/ubuntu/workspace/Curs18-PHP-PDO/logout.php:0
[26-Feb-2017 18:39:04 UTC] PHP Notice:  A session had already been started - ignoring session_start() in /home/ubuntu/workspace/Curs18-PHP-PDO/logout.php on line 15
[26-Feb-2017 18:39:04 UTC] PHP Stack trace:
[26-Feb-2017 18:39:04 UTC] PHP   1. {main}() /home/ubuntu/workspace/Curs18-PHP-PDO/logout.php:0
[26-Feb-2017 18:39:04 UTC] PHP   2. session_start() /home/ubuntu/workspace/Curs18-PHP-PDO/logout.php:15
[26-Feb-2017 18:39:04 UTC] PHP Notice:  Undefined index: count in /home/ubuntu/workspace/Curs18-PHP-PDO/logout.php on line 29
[26-Feb-2017 18:39:04 UTC] PHP Stack trace:
[26-Feb-2017 18:39:04 UTC] PHP   1. {main}() /home/ubuntu/workspace/Curs18-PHP-PDO/logout.php:0
[26-Feb-2017 18:39:04 UTC] PHP Notice:  A session had already been started - ignoring session_start() in /home/ubuntu/workspace/Curs18-PHP-PDO/logout.php on line 15
[26-Feb-2017 18:39:04 UTC] PHP Stack trace:
[26-Feb-2017 18:39:04 UTC] PHP   1. {main}() /home/ubuntu/workspace/Curs18-PHP-PDO/logout.php:0
[26-Feb-2017 18:39:04 UTC] PHP   2. session_start() /home/ubuntu/workspace/Curs18-PHP-PDO/logout.php:15
[26-Feb-2017 18:39:04 UTC] PHP Notice:  Undefined index: count in /home/ubuntu/workspace/Curs18-PHP-PDO/logout.php on line 29
[26-Feb-2017 18:39:04 UTC] PHP Stack trace:
[26-Feb-2017 18:39:04 UTC] PHP   1. {main}() /home/ubuntu/workspace/Curs18-PHP-PDO/logout.php:0
[26-Feb-2017 18:39:33 UTC] PHP Notice:  A session had already been started - ignoring session_start() in /home/ubuntu/workspace/Curs18-PHP-PDO/logout.php on line 15
[26-Feb-2017 18:39:33 UTC] PHP Stack trace:
[26-Feb-2017 18:39:33 UTC] PHP   1. {main}() /home/ubuntu/workspace/Curs18-PHP-PDO/logout.php:0
[26-Feb-2017 18:39:33 UTC] PHP   2. session_start() /home/ubuntu/workspace/Curs18-PHP-PDO/logout.php:15
[26-Feb-2017 18:39:33 UTC] PHP Notice:  Undefined index: count in /home/ubuntu/workspace/Curs18-PHP-PDO/logout.php on line 29
[26-Feb-2017 18:39:33 UTC] PHP Stack trace:
[26-Feb-2017 18:39:33 UTC] PHP   1. {main}() /home/ubuntu/workspace/Curs18-PHP-PDO/logout.php:0
[26-Feb-2017 18:39:36 UTC] PHP Notice:  A session had already been started - ignoring session_start() in /home/ubuntu/workspace/Curs18-PHP-PDO/logout.php on line 15
[26-Feb-2017 18:39:36 UTC] PHP Stack trace:
[26-Feb-2017 18:39:36 UTC] PHP   1. {main}() /home/ubuntu/workspace/Curs18-PHP-PDO/logout.php:0
[26-Feb-2017 18:39:36 UTC] PHP   2. session_start() /home/ubuntu/workspace/Curs18-PHP-PDO/logout.php:15
[26-Feb-2017 18:39:36 UTC] PHP Notice:  Undefined index: count in /home/ubuntu/workspace/Curs18-PHP-PDO/logout.php on line 29
[26-Feb-2017 18:39:36 UTC] PHP Stack trace:
[26-Feb-2017 18:39:36 UTC] PHP   1. {main}() /home/ubuntu/workspace/Curs18-PHP-PDO/logout.php:0
[26-Feb-2017 18:48:15 UTC] PHP Parse error:  syntax error, unexpected '}' in /home/ubuntu/workspace/Curs18-PHP-PDO/login.php on line 52
[26-Feb-2017 18:48:31 UTC] PHP Parse error:  syntax error, unexpected '}' in /home/ubuntu/workspace/Curs18-PHP-PDO/login.php on line 52
[26-Feb-2017 18:49:20 UTC] PHP Parse error:  syntax error, unexpected '}' in /home/ubuntu/workspace/Curs18-PHP-PDO/login.php on line 52
[26-Feb-2017 18:49:52 UTC] PHP Notice:  Undefined index: count in /home/ubuntu/workspace/Curs18-PHP-PDO/login.php on line 51
[26-Feb-2017 18:49:52 UTC] PHP Stack trace:
[26-Feb-2017 18:49:52 UTC] PHP   1. {main}() /home/ubuntu/workspace/Curs18-PHP-PDO/login.php:0
[26-Feb-2017 18:49:54 UTC] PHP Notice:  A session had already been started - ignoring session_start() in /home/ubuntu/workspace/Curs18-PHP-PDO/logout.php on line 15
[26-Feb-2017 18:49:54 UTC] PHP Stack trace:
[26-Feb-2017 18:49:54 UTC] PHP   1. {main}() /home/ubuntu/workspace/Curs18-PHP-PDO/logout.php:0
[26-Feb-2017 18:49:54 UTC] PHP   2. session_start() /home/ubuntu/workspace/Curs18-PHP-PDO/logout.php:15
[26-Feb-2017 18:49:54 UTC] PHP Notice:  Undefined index: count in /home/ubuntu/workspace/Curs18-PHP-PDO/logout.php on line 29
[26-Feb-2017 18:49:54 UTC] PHP Stack trace:
[26-Feb-2017 18:49:54 UTC] PHP   1. {main}() /home/ubuntu/workspace/Curs18-PHP-PDO/logout.php:0
[26-Feb-2017 18:54:56 UTC] PHP Notice:  A session had already been started - ignoring session_start() in /home/ubuntu/workspace/Curs18-PHP-PDO/logout.php on line 15
[26-Feb-2017 18:54:56 UTC] PHP Stack trace:
[26-Feb-2017 18:54:56 UTC] PHP   1. {main}() /home/ubuntu/workspace/Curs18-PHP-PDO/logout.php:0
[26-Feb-2017 18:54:56 UTC] PHP   2. session_start() /home/ubuntu/workspace/Curs18-PHP-PDO/logout.php:15
[26-Feb-2017 18:54:56 UTC] PHP Notice:  Undefined index: count in /home/ubuntu/workspace/Curs18-PHP-PDO/logout.php on line 29
[26-Feb-2017 18:54:56 UTC] PHP Stack trace:
[26-Feb-2017 18:54:56 UTC] PHP   1. {main}() /home/ubuntu/workspace/Curs18-PHP-PDO/logout.php:0
[26-Feb-2017 18:54:59 UTC] PHP Notice:  A session had already been started - ignoring session_start() in /home/ubuntu/workspace/Curs18-PHP-PDO/logout.php on line 15
[26-Feb-2017 18:54:59 UTC] PHP Stack trace:
[26-Feb-2017 18:54:59 UTC] PHP   1. {main}() /home/ubuntu/workspace/Curs18-PHP-PDO/logout.php:0
[26-Feb-2017 18:54:59 UTC] PHP   2. session_start() /home/ubuntu/workspace/Curs18-PHP-PDO/logout.php:15
[26-Feb-2017 18:54:59 UTC] PHP Notice:  Undefined index: count in /home/ubuntu/workspace/Curs18-PHP-PDO/logout.php on line 29
[26-Feb-2017 18:54:59 UTC] PHP Stack trace:
[26-Feb-2017 18:54:59 UTC] PHP   1. {main}() /home/ubuntu/workspace/Curs18-PHP-PDO/logout.php:0
[26-Feb-2017 18:55:15 UTC] PHP Parse error:  syntax error, unexpected end of file in /home/ubuntu/workspace/Curs18-PHP-PDO/login.php on line 57
[26-Feb-2017 18:55:46 UTC] PHP Parse error:  syntax error, unexpected end of file in /home/ubuntu/workspace/Curs18-PHP-PDO/login.php on line 57
[26-Feb-2017 18:55:48 UTC] PHP Parse error:  syntax error, unexpected end of file in /home/ubuntu/workspace/Curs18-PHP-PDO/login.php on line 57
[26-Feb-2017 18:55:59 UTC] PHP Parse error:  syntax error, unexpected end of file in /home/ubuntu/workspace/Curs18-PHP-PDO/login.php on line 57
[26-Feb-2017 18:56:35 UTC] PHP Parse error:  syntax error, unexpected end of file in /home/ubuntu/workspace/Curs18-PHP-PDO/login.php on line 56
[26-Feb-2017 18:58:55 UTC] PHP Parse error:  syntax error, unexpected end of file in /home/ubuntu/workspace/Curs18-PHP-PDO/login.php on line 56
[26-Feb-2017 18:59:23 UTC] PHP Parse error:  syntax error, unexpected end of file in /home/ubuntu/workspace/Curs18-PHP-PDO/login.php on line 48
[27-Feb-2017 18:51:45 UTC] PHP Warning:  require(../configs/config.php): failed to open stream: No such file or directory in /home/ubuntu/workspace/Curs19-PHP-API/app/models/DB.php on line 3
[27-Feb-2017 18:51:45 UTC] PHP Stack trace:
[27-Feb-2017 18:51:45 UTC] PHP   1. {main}() /home/ubuntu/workspace/Curs19-PHP-API/index.php:0
[27-Feb-2017 18:51:45 UTC] PHP   2. require() /home/ubuntu/workspace/Curs19-PHP-API/index.php:2
[27-Feb-2017 18:51:45 UTC] PHP   3. require_once() /home/ubuntu/workspace/Curs19-PHP-API/app/models/Articles.php:3
[27-Feb-2017 18:51:45 UTC] PHP Fatal error:  require(): Failed opening required '../configs/config.php' (include_path='.:/usr/share/php:/usr/share/pear') in /home/ubuntu/workspace/Curs19-PHP-API/app/models/DB.php on line 3
[27-Feb-2017 18:51:45 UTC] PHP Stack trace:
[27-Feb-2017 18:51:45 UTC] PHP   1. {main}() /home/ubuntu/workspace/Curs19-PHP-API/index.php:0
[27-Feb-2017 18:51:45 UTC] PHP   2. require() /home/ubuntu/workspace/Curs19-PHP-API/index.php:2
[27-Feb-2017 18:51:45 UTC] PHP   3. require_once() /home/ubuntu/workspace/Curs19-PHP-API/app/models/Articles.php:3
[27-Feb-2017 18:59:05 UTC] PHP Warning:  require(../configs/config.php): failed to open stream: No such file or directory in /home/ubuntu/workspace/Curs19-PHP-API/app/models/DB.php on line 3
[27-Feb-2017 18:59:05 UTC] PHP Stack trace:
[27-Feb-2017 18:59:05 UTC] PHP   1. {main}() /home/ubuntu/workspace/Curs19-PHP-API/index.php:0
[27-Feb-2017 18:59:05 UTC] PHP   2. require() /home/ubuntu/workspace/Curs19-PHP-API/index.php:9
[27-Feb-2017 18:59:05 UTC] PHP   3. require_once() /home/ubuntu/workspace/Curs19-PHP-API/app/models/Articles.php:3
[27-Feb-2017 18:59:05 UTC] PHP Fatal error:  require(): Failed opening required '../configs/config.php' (include_path='.:/usr/share/php:/usr/share/pear') in /home/ubuntu/workspace/Curs19-PHP-API/app/models/DB.php on line 3
[27-Feb-2017 18:59:05 UTC] PHP Stack trace:
[27-Feb-2017 18:59:05 UTC] PHP   1. {main}() /home/ubuntu/workspace/Curs19-PHP-API/index.php:0
[27-Feb-2017 18:59:05 UTC] PHP   2. require() /home/ubuntu/workspace/Curs19-PHP-API/index.php:9
[27-Feb-2017 18:59:05 UTC] PHP   3. require_once() /home/ubuntu/workspace/Curs19-PHP-API/app/models/Articles.php:3
[27-Feb-2017 18:59:35 UTC] PHP Warning:  require(../configs/config.php): failed to open stream: No such file or directory in /home/ubuntu/workspace/Curs19-PHP-API/app/models/DB.php on line 3
[27-Feb-2017 18:59:35 UTC] PHP Stack trace:
[27-Feb-2017 18:59:35 UTC] PHP   1. {main}() /home/ubuntu/workspace/Curs19-PHP-API/index.php:0
[27-Feb-2017 18:59:35 UTC] PHP   2. require() /home/ubuntu/workspace/Curs19-PHP-API/index.php:9
[27-Feb-2017 18:59:35 UTC] PHP   3. require_once() /home/ubuntu/workspace/Curs19-PHP-API/app/models/Articles.php:3
[27-Feb-2017 18:59:35 UTC] PHP Fatal error:  require(): Failed opening required '../configs/config.php' (include_path='.:/usr/share/php:/usr/share/pear') in /home/ubuntu/workspace/Curs19-PHP-API/app/models/DB.php on line 3
[27-Feb-2017 18:59:35 UTC] PHP Stack trace:
[27-Feb-2017 18:59:35 UTC] PHP   1. {main}() /home/ubuntu/workspace/Curs19-PHP-API/index.php:0
[27-Feb-2017 18:59:35 UTC] PHP   2. require() /home/ubuntu/workspace/Curs19-PHP-API/index.php:9
[27-Feb-2017 18:59:35 UTC] PHP   3. require_once() /home/ubuntu/workspace/Curs19-PHP-API/app/models/Articles.php:3
[27-Feb-2017 18:59:52 UTC] PHP Warning:  require(../configs/config.php): failed to open stream: No such file or directory in /home/ubuntu/workspace/Curs19-PHP-API/app/models/DB.php on line 3
[27-Feb-2017 18:59:52 UTC] PHP Stack trace:
[27-Feb-2017 18:59:52 UTC] PHP   1. {main}() /home/ubuntu/workspace/Curs19-PHP-API/index.php:0
[27-Feb-2017 18:59:52 UTC] PHP   2. require() /home/ubuntu/workspace/Curs19-PHP-API/index.php:9
[27-Feb-2017 18:59:52 UTC] PHP   3. require_once() /home/ubuntu/workspace/Curs19-PHP-API/app/models/Articles.php:3
[27-Feb-2017 18:59:52 UTC] PHP Fatal error:  require(): Failed opening required '../configs/config.php' (include_path='.:/usr/share/php:/usr/share/pear') in /home/ubuntu/workspace/Curs19-PHP-API/app/models/DB.php on line 3
[27-Feb-2017 18:59:52 UTC] PHP Stack trace:
[27-Feb-2017 18:59:52 UTC] PHP   1. {main}() /home/ubuntu/workspace/Curs19-PHP-API/index.php:0
[27-Feb-2017 18:59:52 UTC] PHP   2. require() /home/ubuntu/workspace/Curs19-PHP-API/index.php:9
[27-Feb-2017 18:59:52 UTC] PHP   3. require_once() /home/ubuntu/workspace/Curs19-PHP-API/app/models/Articles.php:3
[27-Feb-2017 19:03:59 UTC] PHP Warning:  require(../configs/config.php): failed to open stream: No such file or directory in /home/ubuntu/workspace/Curs19-PHP-API/app/models/DB.php on line 3
[27-Feb-2017 19:03:59 UTC] PHP Stack trace:
[27-Feb-2017 19:03:59 UTC] PHP   1. {main}() /home/ubuntu/workspace/Curs19-PHP-API/index.php:0
[27-Feb-2017 19:03:59 UTC] PHP   2. require() /home/ubuntu/workspace/Curs19-PHP-API/index.php:9
[27-Feb-2017 19:03:59 UTC] PHP   3. require_once() /home/ubuntu/workspace/Curs19-PHP-API/app/models/Articles.php:3
[27-Feb-2017 19:03:59 UTC] PHP Fatal error:  require(): Failed opening required '../configs/config.php' (include_path='.:/usr/share/php:/usr/share/pear') in /home/ubuntu/workspace/Curs19-PHP-API/app/models/DB.php on line 3
[27-Feb-2017 19:03:59 UTC] PHP Stack trace:
[27-Feb-2017 19:03:59 UTC] PHP   1. {main}() /home/ubuntu/workspace/Curs19-PHP-API/index.php:0
[27-Feb-2017 19:03:59 UTC] PHP   2. require() /home/ubuntu/workspace/Curs19-PHP-API/index.php:9
[27-Feb-2017 19:03:59 UTC] PHP   3. require_once() /home/ubuntu/workspace/Curs19-PHP-API/app/models/Articles.php:3
[01-Mar-2017 18:44:43 UTC] PHP Parse error:  syntax error, unexpected '}' in /home/ubuntu/workspace/curs20-REGEX/index.php on line 10
[01-Mar-2017 18:45:06 UTC] PHP Parse error:  syntax error, unexpected '}' in /home/ubuntu/workspace/curs20-REGEX/index.php on line 10
[01-Mar-2017 18:45:34 UTC] PHP Notice:  Undefined index: CNP in /home/ubuntu/workspace/curs20-REGEX/index.php on line 7
[01-Mar-2017 18:45:34 UTC] PHP Stack trace:
[01-Mar-2017 18:45:34 UTC] PHP   1. {main}() /home/ubuntu/workspace/curs20-REGEX/index.php:0
[01-Mar-2017 18:45:34 UTC] PHP Notice:  Undefined variable: success in /home/ubuntu/workspace/curs20-REGEX/index.php on line 22
[01-Mar-2017 18:45:34 UTC] PHP Stack trace:
[01-Mar-2017 18:45:34 UTC] PHP   1. {main}() /home/ubuntu/workspace/curs20-REGEX/index.php:0
[01-Mar-2017 18:45:40 UTC] PHP Notice:  Undefined index: CNP in /home/ubuntu/workspace/curs20-REGEX/index.php on line 7
[01-Mar-2017 18:45:40 UTC] PHP Stack trace:
[01-Mar-2017 18:45:40 UTC] PHP   1. {main}() /home/ubuntu/workspace/curs20-REGEX/index.php:0
[01-Mar-2017 18:45:40 UTC] PHP Notice:  Undefined variable: success in /home/ubuntu/workspace/curs20-REGEX/index.php on line 22
[01-Mar-2017 18:45:40 UTC] PHP Stack trace:
[01-Mar-2017 18:45:40 UTC] PHP   1. {main}() /home/ubuntu/workspace/curs20-REGEX/index.php:0
[01-Mar-2017 18:48:30 UTC] PHP Notice:  Undefined index: CNP in /home/ubuntu/workspace/curs20-REGEX/index.php on line 11
[01-Mar-2017 18:48:30 UTC] PHP Stack trace:
[01-Mar-2017 18:48:30 UTC] PHP   1. {main}() /home/ubuntu/workspace/curs20-REGEX/index.php:0
[01-Mar-2017 18:52:15 UTC] PHP Notice:  Undefined index: CNP in /home/ubuntu/workspace/curs20-REGEX/index.php on line 11
[01-Mar-2017 18:52:15 UTC] PHP Stack trace:
[01-Mar-2017 18:52:15 UTC] PHP   1. {main}() /home/ubuntu/workspace/curs20-REGEX/index.php:0
[01-Mar-2017 18:52:15 UTC] PHP Warning:  preg_match(): Empty regular expression in /home/ubuntu/workspace/curs20-REGEX/index.php on line 30
[01-Mar-2017 18:52:15 UTC] PHP Stack trace:
[01-Mar-2017 18:52:15 UTC] PHP   1. {main}() /home/ubuntu/workspace/curs20-REGEX/index.php:0
[01-Mar-2017 18:52:15 UTC] PHP   2. validateCNP() /home/ubuntu/workspace/curs20-REGEX/index.php:11
[01-Mar-2017 18:52:15 UTC] PHP   3. preg_match() /home/ubuntu/workspace/curs20-REGEX/index.php:30
[01-Mar-2017 18:52:37 UTC] PHP Notice:  Undefined index: CNP in /home/ubuntu/workspace/curs20-REGEX/index.php on line 11
[01-Mar-2017 18:52:37 UTC] PHP Stack trace:
[01-Mar-2017 18:52:37 UTC] PHP   1. {main}() /home/ubuntu/workspace/curs20-REGEX/index.php:0
[01-Mar-2017 18:52:37 UTC] PHP Warning:  preg_match(): Empty regular expression in /home/ubuntu/workspace/curs20-REGEX/index.php on line 30
[01-Mar-2017 18:52:37 UTC] PHP Stack trace:
[01-Mar-2017 18:52:37 UTC] PHP   1. {main}() /home/ubuntu/workspace/curs20-REGEX/index.php:0
[01-Mar-2017 18:52:37 UTC] PHP   2. validateCNP() /home/ubuntu/workspace/curs20-REGEX/index.php:11
[01-Mar-2017 18:52:37 UTC] PHP   3. preg_match() /home/ubuntu/workspace/curs20-REGEX/index.php:30
[01-Mar-2017 18:52:39 UTC] PHP Notice:  Undefined index: CNP in /home/ubuntu/workspace/curs20-REGEX/index.php on line 11
[01-Mar-2017 18:52:39 UTC] PHP Stack trace:
[01-Mar-2017 18:52:39 UTC] PHP   1. {main}() /home/ubuntu/workspace/curs20-REGEX/index.php:0
[01-Mar-2017 18:52:39 UTC] PHP Warning:  preg_match(): Empty regular expression in /home/ubuntu/workspace/curs20-REGEX/index.php on line 30
[01-Mar-2017 18:52:39 UTC] PHP Stack trace:
[01-Mar-2017 18:52:39 UTC] PHP   1. {main}() /home/ubuntu/workspace/curs20-REGEX/index.php:0
[01-Mar-2017 18:52:39 UTC] PHP   2. validateCNP() /home/ubuntu/workspace/curs20-REGEX/index.php:11
[01-Mar-2017 18:52:39 UTC] PHP   3. preg_match() /home/ubuntu/workspace/curs20-REGEX/index.php:30
[06-Mar-2017 18:08:21 UTC] PHP Fatal error:  Cannot redeclare class DB in /home/ubuntu/workspace/curs21-PHP-API/app/models/DB.php on line 3
[06-Mar-2017 18:08:21 UTC] PHP Stack trace:
[06-Mar-2017 18:08:21 UTC] PHP   1. {main}() /home/ubuntu/workspace/curs21-PHP-API/index.php:0
[06-Mar-2017 18:08:21 UTC] PHP   2. require() /home/ubuntu/workspace/curs21-PHP-API/index.php:11
[06-Mar-2017 18:08:21 UTC] PHP   3. require() /home/ubuntu/workspace/curs21-PHP-API/app/controllers/Comments.php:2
[06-Mar-2017 18:52:04 UTC] PHP Fatal error:  Call to undefined function insertItem() in /home/ubuntu/workspace/curs21-PHP-API/app/controllers/Articles.php on line 13
[06-Mar-2017 18:52:04 UTC] PHP Stack trace:
[06-Mar-2017 18:52:04 UTC] PHP   1. {main}() /home/ubuntu/workspace/curs21-PHP-API/index.php:0
[06-Mar-2017 18:52:04 UTC] PHP   2. Articles->createItem() /home/ubuntu/workspace/curs21-PHP-API/index.php:14
[06-Mar-2017 18:53:27 UTC] PHP Fatal error:  Call to undefined function insertItem() in /home/ubuntu/workspace/curs21-PHP-API/app/controllers/Articles.php on line 13
[06-Mar-2017 18:53:27 UTC] PHP Stack trace:
[06-Mar-2017 18:53:27 UTC] PHP   1. {main}() /home/ubuntu/workspace/curs21-PHP-API/index.php:0
[06-Mar-2017 18:53:27 UTC] PHP   2. Articles->createItem() /home/ubuntu/workspace/curs21-PHP-API/index.php:14
[06-Mar-2017 18:54:03 UTC] PHP Fatal error:  Call to undefined function insertItem() in /home/ubuntu/workspace/curs21-PHP-API/app/controllers/Articles.php on line 13
[06-Mar-2017 18:54:03 UTC] PHP Stack trace:
[06-Mar-2017 18:54:03 UTC] PHP   1. {main}() /home/ubuntu/workspace/curs21-PHP-API/index.php:0
[06-Mar-2017 18:54:03 UTC] PHP   2. Articles->createItem() /home/ubuntu/workspace/curs21-PHP-API/index.php:14
[06-Mar-2017 18:56:21 UTC] PHP Fatal error:  Call to undefined function insertItem() in /home/ubuntu/workspace/curs21-PHP-API/app/controllers/Articles.php on line 13
[06-Mar-2017 18:56:21 UTC] PHP Stack trace:
[06-Mar-2017 18:56:21 UTC] PHP   1. {main}() /home/ubuntu/workspace/curs21-PHP-API/index.php:0
[06-Mar-2017 18:56:21 UTC] PHP   2. Articles->createItem() /home/ubuntu/workspace/curs21-PHP-API/index.php:14
[06-Mar-2017 18:59:19 UTC] PHP Fatal error:  Call to undefined function insertItem() in /home/ubuntu/workspace/curs21-PHP-API/app/controllers/Articles.php on line 13
[06-Mar-2017 18:59:19 UTC] PHP Stack trace:
[06-Mar-2017 18:59:19 UTC] PHP   1. {main}() /home/ubuntu/workspace/curs21-PHP-API/index.php:0
[06-Mar-2017 18:59:19 UTC] PHP   2. Articles->createItem() /home/ubuntu/workspace/curs21-PHP-API/index.php:14
[06-Mar-2017 19:01:43 UTC] PHP Fatal error:  Call to undefined function insertItem() in /home/ubuntu/workspace/curs21-PHP-API/app/controllers/Articles.php on line 13
[06-Mar-2017 19:01:43 UTC] PHP Stack trace:
[06-Mar-2017 19:01:43 UTC] PHP   1. {main}() /home/ubuntu/workspace/curs21-PHP-API/index.php:0
[06-Mar-2017 19:01:43 UTC] PHP   2. Articles->createItem() /home/ubuntu/workspace/curs21-PHP-API/index.php:14
[06-Mar-2017 19:01:57 UTC] PHP Fatal error:  Call to undefined function insertItem() in /home/ubuntu/workspace/curs21-PHP-API/app/controllers/Articles.php on line 13
[06-Mar-2017 19:01:57 UTC] PHP Stack trace:
[06-Mar-2017 19:01:57 UTC] PHP   1. {main}() /home/ubuntu/workspace/curs21-PHP-API/index.php:0
[06-Mar-2017 19:01:57 UTC] PHP   2. Articles->createItem() /home/ubuntu/workspace/curs21-PHP-API/index.php:14
[07-Mar-2017 19:00:32 UTC] PHP Fatal error:  Call to undefined method ArticlesModel::insertItem() in /home/ubuntu/workspace/curs21-PHP-API/app/controllers/Articles.php on line 13
[07-Mar-2017 19:00:32 UTC] PHP Stack trace:
[07-Mar-2017 19:00:32 UTC] PHP   1. {main}() /home/ubuntu/workspace/curs21-PHP-API/index.php:0
[07-Mar-2017 19:00:32 UTC] PHP   2. Articles->createItem() /home/ubuntu/workspace/curs21-PHP-API/index.php:13
[07-Mar-2017 19:34:03 UTC] PHP Fatal error:  Call to undefined method Comments::createItem() in /home/ubuntu/workspace/curs21-PHP-API/index.php on line 23
[07-Mar-2017 19:34:03 UTC] PHP Stack trace:
[07-Mar-2017 19:34:03 UTC] PHP   1. {main}() /home/ubuntu/workspace/curs21-PHP-API/index.php:0
[07-Mar-2017 19:54:39 UTC] PHP Fatal error:  Call to undefined method Comments::createComment() in /home/ubuntu/workspace/curs21-PHP-API/index.php on line 24
[07-Mar-2017 19:54:39 UTC] PHP Stack trace:
[07-Mar-2017 19:54:39 UTC] PHP   1. {main}() /home/ubuntu/workspace/curs21-PHP-API/index.php:0
[07-Mar-2017 19:55:56 UTC] PHP Fatal error:  Call to undefined method Comments::createComment() in /home/ubuntu/workspace/curs21-PHP-API/index.php on line 27
[07-Mar-2017 19:55:56 UTC] PHP Stack trace:
[07-Mar-2017 19:55:56 UTC] PHP   1. {main}() /home/ubuntu/workspace/curs21-PHP-API/index.php:0
[08-Mar-2017 16:45:18 UTC] PHP Fatal error:  Call to undefined method ArticlesModel::insertItem() in /home/ubuntu/workspace/curs21-PHP-API/app/controllers/Articles.php on line 13
[08-Mar-2017 16:45:18 UTC] PHP Stack trace:
[08-Mar-2017 16:45:18 UTC] PHP   1. {main}() /home/ubuntu/workspace/curs21-PHP-API/index.php:0
[08-Mar-2017 16:45:18 UTC] PHP   2. Articles->createItem() /home/ubuntu/workspace/curs21-PHP-API/index.php:16
[08-Mar-2017 16:46:01 UTC] PHP Notice:  Undefined index: category_id in /home/ubuntu/workspace/curs21-PHP-API/app/models/ArticlesModel.php on line 16
[08-Mar-2017 16:46:01 UTC] PHP Stack trace:
[08-Mar-2017 16:46:01 UTC] PHP   1. {main}() /home/ubuntu/workspace/curs21-PHP-API/index.php:0
[08-Mar-2017 16:46:01 UTC] PHP   2. Articles->createItem() /home/ubuntu/workspace/curs21-PHP-API/index.php:16
[08-Mar-2017 16:46:01 UTC] PHP   3. ArticlesModel->insertItem() /home/ubuntu/workspace/curs21-PHP-API/app/controllers/Articles.php:13
[08-Mar-2017 16:53:32 UTC] PHP Parse error:  syntax error, unexpected ':' in /home/ubuntu/workspace/curs21-PHP-API/index.php on line 19
[08-Mar-2017 16:55:38 UTC] PHP Parse error:  syntax error, unexpected end of file, expecting function (T_FUNCTION) in /home/ubuntu/workspace/curs21-PHP-API/app/models/CommentsModel.php on line 20
[08-Mar-2017 16:55:38 UTC] PHP Stack trace:
[08-Mar-2017 16:55:38 UTC] PHP   1. {main}() /home/ubuntu/workspace/curs21-PHP-API/index.php:0
[08-Mar-2017 16:55:38 UTC] PHP   2. require() /home/ubuntu/workspace/curs21-PHP-API/index.php:20
[08-Mar-2017 16:55:51 UTC] PHP Parse error:  syntax error, unexpected end of file, expecting function (T_FUNCTION) in /home/ubuntu/workspace/curs21-PHP-API/app/models/CommentsModel.php on line 20
[08-Mar-2017 16:55:51 UTC] PHP Stack trace:
[08-Mar-2017 16:55:51 UTC] PHP   1. {main}() /home/ubuntu/workspace/curs21-PHP-API/index.php:0
[08-Mar-2017 16:55:51 UTC] PHP   2. require() /home/ubuntu/workspace/curs21-PHP-API/index.php:20
[08-Mar-2017 16:56:13 UTC] PHP Parse error:  syntax error, unexpected end of file, expecting function (T_FUNCTION) in /home/ubuntu/workspace/curs21-PHP-API/app/models/CommentsModel.php on line 20
[08-Mar-2017 16:56:13 UTC] PHP Stack trace:
[08-Mar-2017 16:56:13 UTC] PHP   1. {main}() /home/ubuntu/workspace/curs21-PHP-API/index.php:0
[08-Mar-2017 16:56:13 UTC] PHP   2. require() /home/ubuntu/workspace/curs21-PHP-API/index.php:20
[08-Mar-2017 16:56:52 UTC] PHP Notice:  Undefined variable: comments in /home/ubuntu/workspace/curs21-PHP-API/index.php on line 21
[08-Mar-2017 16:56:52 UTC] PHP Stack trace:
[08-Mar-2017 16:56:52 UTC] PHP   1. {main}() /home/ubuntu/workspace/curs21-PHP-API/index.php:0
[08-Mar-2017 16:56:52 UTC] PHP Fatal error:  Call to a member function createItem() on a non-object in /home/ubuntu/workspace/curs21-PHP-API/index.php on line 21
[08-Mar-2017 16:56:52 UTC] PHP Stack trace:
[08-Mar-2017 16:56:52 UTC] PHP   1. {main}() /home/ubuntu/workspace/curs21-PHP-API/index.php:0
[08-Mar-2017 16:57:09 UTC] PHP Notice:  Undefined variable: comments in /home/ubuntu/workspace/curs21-PHP-API/index.php on line 21
[08-Mar-2017 16:57:09 UTC] PHP Stack trace:
[08-Mar-2017 16:57:09 UTC] PHP   1. {main}() /home/ubuntu/workspace/curs21-PHP-API/index.php:0
[08-Mar-2017 16:57:09 UTC] PHP Fatal error:  Call to a member function createItem() on a non-object in /home/ubuntu/workspace/curs21-PHP-API/index.php on line 21
[08-Mar-2017 16:57:09 UTC] PHP Stack trace:
[08-Mar-2017 16:57:09 UTC] PHP   1. {main}() /home/ubuntu/workspace/curs21-PHP-API/index.php:0
[08-Mar-2017 16:57:40 UTC] PHP Notice:  Undefined variable: comments in /home/ubuntu/workspace/curs21-PHP-API/index.php on line 21
[08-Mar-2017 16:57:40 UTC] PHP Stack trace:
[08-Mar-2017 16:57:40 UTC] PHP   1. {main}() /home/ubuntu/workspace/curs21-PHP-API/index.php:0
[08-Mar-2017 16:57:40 UTC] PHP Fatal error:  Call to a member function createItem() on a non-object in /home/ubuntu/workspace/curs21-PHP-API/index.php on line 21
[08-Mar-2017 16:57:40 UTC] PHP Stack trace:
[08-Mar-2017 16:57:40 UTC] PHP   1. {main}() /home/ubuntu/workspace/curs21-PHP-API/index.php:0
[08-Mar-2017 17:03:08 UTC] PHP Notice:  Undefined variable: comments in /home/ubuntu/workspace/curs21-PHP-API/index.php on line 21
[08-Mar-2017 17:03:08 UTC] PHP Stack trace:
[08-Mar-2017 17:03:08 UTC] PHP   1. {main}() /home/ubuntu/workspace/curs21-PHP-API/index.php:0
[08-Mar-2017 17:03:08 UTC] PHP Fatal error:  Call to a member function createItem() on a non-object in /home/ubuntu/workspace/curs21-PHP-API/index.php on line 21
[08-Mar-2017 17:03:08 UTC] PHP Stack trace:
[08-Mar-2017 17:03:08 UTC] PHP   1. {main}() /home/ubuntu/workspace/curs21-PHP-API/index.php:0
[08-Mar-2017 18:22:24 UTC] PHP Notice:  Undefined index: REDIRECT_URL in /home/ubuntu/workspace/curs21-PHP-API/index.php on line 9
[08-Mar-2017 18:22:24 UTC] PHP Stack trace:
[08-Mar-2017 18:22:24 UTC] PHP   1. {main}() /home/ubuntu/workspace/curs21-PHP-API/index.php:0
[08-Mar-2017 18:48:04 UTC] PHP Notice:  Undefined index: REDIRECT_URL in /home/ubuntu/workspace/curs21-PHP-API/index.php on line 9
[08-Mar-2017 18:48:04 UTC] PHP Stack trace:
[08-Mar-2017 18:48:04 UTC] PHP   1. {main}() /home/ubuntu/workspace/curs21-PHP-API/index.php:0
[08-Mar-2017 18:48:14 UTC] PHP Notice:  Undefined index: REDIRECT_URL in /home/ubuntu/workspace/curs21-PHP-API/index.php on line 9
[08-Mar-2017 18:48:14 UTC] PHP Stack trace:
[08-Mar-2017 18:48:14 UTC] PHP   1. {main}() /home/ubuntu/workspace/curs21-PHP-API/index.php:0
[08-Mar-2017 18:51:24 UTC] PHP Notice:  Undefined index: REDIRECT_URL in /home/ubuntu/workspace/curs21-PHP-API/index.php on line 9
[08-Mar-2017 18:51:24 UTC] PHP Stack trace:
[08-Mar-2017 18:51:24 UTC] PHP   1. {main}() /home/ubuntu/workspace/curs21-PHP-API/index.php:0
[08-Mar-2017 18:52:40 UTC] PHP Warning:  require(app/controllers/Articlesphp): failed to open stream: No such file or directory in /home/ubuntu/workspace/curs21-PHP-API/index.php on line 21
[08-Mar-2017 18:52:40 UTC] PHP Stack trace:
[08-Mar-2017 18:52:40 UTC] PHP   1. {main}() /home/ubuntu/workspace/curs21-PHP-API/index.php:0
[08-Mar-2017 18:52:40 UTC] PHP Fatal error:  require(): Failed opening required 'app/controllers/Articlesphp' (include_path='.:/usr/share/php:/usr/share/pear') in /home/ubuntu/workspace/curs21-PHP-API/index.php on line 21
[08-Mar-2017 18:52:40 UTC] PHP Stack trace:
[08-Mar-2017 18:52:40 UTC] PHP   1. {main}() /home/ubuntu/workspace/curs21-PHP-API/index.php:0
[08-Mar-2017 18:55:27 UTC] PHP Warning:  require(app/controllers/Commentsphp): failed to open stream: No such file or directory in /home/ubuntu/workspace/curs21-PHP-API/index.php on line 22
[08-Mar-2017 18:55:27 UTC] PHP Stack trace:
[08-Mar-2017 18:55:27 UTC] PHP   1. {main}() /home/ubuntu/workspace/curs21-PHP-API/index.php:0
[08-Mar-2017 18:55:27 UTC] PHP Fatal error:  require(): Failed opening required 'app/controllers/Commentsphp' (include_path='.:/usr/share/php:/usr/share/pear') in /home/ubuntu/workspace/curs21-PHP-API/index.php on line 22
[08-Mar-2017 18:55:27 UTC] PHP Stack trace:
[08-Mar-2017 18:55:27 UTC] PHP   1. {main}() /home/ubuntu/workspace/curs21-PHP-API/index.php:0
[11-Mar-2017 09:22:45 UTC] PHP Notice:  Undefined index: REDIRECT_URL in /home/ubuntu/workspace/curs21-PHP-API/index.php on line 10
[11-Mar-2017 09:22:45 UTC] PHP Stack trace:
[11-Mar-2017 09:22:45 UTC] PHP   1. {main}() /home/ubuntu/workspace/curs21-PHP-API/index.php:0
[11-Mar-2017 09:23:27 UTC] PHP Notice:  Undefined index: REDIRECT_URL in /home/ubuntu/workspace/curs21-PHP-API/index.php on line 10
[11-Mar-2017 09:23:27 UTC] PHP Stack trace:
[11-Mar-2017 09:23:27 UTC] PHP   1. {main}() /home/ubuntu/workspace/curs21-PHP-API/index.php:0
[11-Mar-2017 09:45:47 UTC] PHP Notice:  Undefined index: REDIRECT_URL in /home/ubuntu/workspace/curs21-PHP-API/index.php on line 12
[11-Mar-2017 09:45:47 UTC] PHP Stack trace:
[11-Mar-2017 09:45:47 UTC] PHP   1. {main}() /home/ubuntu/workspace/curs21-PHP-API/index.php:0
[11-Mar-2017 13:44:45 UTC] PHP Notice:  Undefined index: REDIRECT_URL in /home/ubuntu/workspace/curs21-PHP-API/index.php on line 12
[11-Mar-2017 13:44:45 UTC] PHP Stack trace:
[11-Mar-2017 13:44:45 UTC] PHP   1. {main}() /home/ubuntu/workspace/curs21-PHP-API/index.php:0
[11-Mar-2017 14:23:28 UTC] PHP Notice:  Undefined index: REDIRECT_URL in /home/ubuntu/workspace/curs21-PHP-API/index.php on line 12
[11-Mar-2017 14:23:28 UTC] PHP Stack trace:
[11-Mar-2017 14:23:28 UTC] PHP   1. {main}() /home/ubuntu/workspace/curs21-PHP-API/index.php:0
[11-Mar-2017 14:26:28 UTC] PHP Notice:  Undefined index: REDIRECT_URL in /home/ubuntu/workspace/curs21-PHP-API/index.php on line 12
[11-Mar-2017 14:26:28 UTC] PHP Stack trace:
[11-Mar-2017 14:26:28 UTC] PHP   1. {main}() /home/ubuntu/workspace/curs21-PHP-API/index.php:0
[11-Mar-2017 14:26:44 UTC] PHP Notice:  Undefined index: REDIRECT_URL in /home/ubuntu/workspace/curs21-PHP-API/index.php on line 12
[11-Mar-2017 14:26:44 UTC] PHP Stack trace:
[11-Mar-2017 14:26:44 UTC] PHP   1. {main}() /home/ubuntu/workspace/curs21-PHP-API/index.php:0
[11-Mar-2017 14:47:50 UTC] PHP Notice:  Undefined index: REDIRECT_URL in /home/ubuntu/workspace/curs21-PHP-API/index.php on line 13
[11-Mar-2017 14:47:50 UTC] PHP Stack trace:
[11-Mar-2017 14:47:50 UTC] PHP   1. {main}() /home/ubuntu/workspace/curs21-PHP-API/index.php:0
[11-Mar-2017 15:29:18 UTC] PHP Notice:  Undefined index: REDIRECT_URL in /home/ubuntu/workspace/curs21-PHP-API/index.php on line 13
[11-Mar-2017 15:29:18 UTC] PHP Stack trace:
[11-Mar-2017 15:29:18 UTC] PHP   1. {main}() /home/ubuntu/workspace/curs21-PHP-API/index.php:0
[11-Mar-2017 15:39:01 UTC] PHP Notice:  Undefined variable: url in /home/ubuntu/workspace/curs21-PHP-API/index.php on line 15
[11-Mar-2017 15:39:01 UTC] PHP Stack trace:
[11-Mar-2017 15:39:01 UTC] PHP   1. {main}() /home/ubuntu/workspace/curs21-PHP-API/index.php:0
[11-Mar-2017 18:13:22 UTC] PHP Notice:  Undefined index: REDIRECT_URL in /home/ubuntu/workspace/curs21-PHP-API/index.php on line 12
[11-Mar-2017 18:13:22 UTC] PHP Stack trace:
[11-Mar-2017 18:13:22 UTC] PHP   1. {main}() /home/ubuntu/workspace/curs21-PHP-API/index.php:0
[11-Mar-2017 18:14:42 UTC] PHP Parse error:  syntax error, unexpected 'print_r' (T_STRING) in /home/ubuntu/workspace/curs21-PHP-API/index.php on line 10
[11-Mar-2017 18:15:12 UTC] PHP Notice:  Undefined index: REDIRECT_URL in /home/ubuntu/workspace/curs21-PHP-API/index.php on line 16
[11-Mar-2017 18:15:12 UTC] PHP Stack trace:
[11-Mar-2017 18:15:12 UTC] PHP   1. {main}() /home/ubuntu/workspace/curs21-PHP-API/index.php:0
[11-Mar-2017 18:16:16 UTC] PHP Notice:  Undefined index: REDIRECT_URL in /home/ubuntu/workspace/curs21-PHP-API/index.php on line 14
[11-Mar-2017 18:16:16 UTC] PHP Stack trace:
[11-Mar-2017 18:16:16 UTC] PHP   1. {main}() /home/ubuntu/workspace/curs21-PHP-API/index.php:0
[11-Mar-2017 18:17:33 UTC] PHP Parse error:  syntax error, unexpected 'require' (T_REQUIRE) in /home/ubuntu/workspace/curs21-PHP-API/index.php on line 13
[11-Mar-2017 18:17:58 UTC] PHP Notice:  Undefined index: REDIRECT_URL in /home/ubuntu/workspace/curs21-PHP-API/index.php on line 13
[11-Mar-2017 18:17:58 UTC] PHP Stack trace:
[11-Mar-2017 18:17:58 UTC] PHP   1. {main}() /home/ubuntu/workspace/curs21-PHP-API/index.php:0
[11-Mar-2017 18:19:06 UTC] PHP Notice:  Undefined index: REDIRECT_URL in /home/ubuntu/workspace/curs21-PHP-API/index.php on line 13
[11-Mar-2017 18:19:06 UTC] PHP Stack trace:
[11-Mar-2017 18:19:06 UTC] PHP   1. {main}() /home/ubuntu/workspace/curs21-PHP-API/index.php:0
[11-Mar-2017 18:20:54 UTC] PHP Notice:  Undefined index: REDIRECT_URI in /home/ubuntu/workspace/curs21-PHP-API/index.php on line 13
[11-Mar-2017 18:20:54 UTC] PHP Stack trace:
[11-Mar-2017 18:20:54 UTC] PHP   1. {main}() /home/ubuntu/workspace/curs21-PHP-API/index.php:0
[11-Mar-2017 18:21:18 UTC] PHP Notice:  Undefined index: REDIRECT_URI in /home/ubuntu/workspace/curs21-PHP-API/index.php on line 13
[11-Mar-2017 18:21:18 UTC] PHP Stack trace:
[11-Mar-2017 18:21:18 UTC] PHP   1. {main}() /home/ubuntu/workspace/curs21-PHP-API/index.php:0
[11-Mar-2017 18:21:34 UTC] PHP Notice:  Undefined index: REDIRECT_URL in /home/ubuntu/workspace/curs21-PHP-API/index.php on line 13
[11-Mar-2017 18:21:34 UTC] PHP Stack trace:
[11-Mar-2017 18:21:34 UTC] PHP   1. {main}() /home/ubuntu/workspace/curs21-PHP-API/index.php:0
[11-Mar-2017 18:40:57 UTC] PHP Notice:  Undefined index: REDIRECT_URL in /home/ubuntu/workspace/curs21-PHP-API/index.php on line 13
[11-Mar-2017 18:40:57 UTC] PHP Stack trace:
[11-Mar-2017 18:40:57 UTC] PHP   1. {main}() /home/ubuntu/workspace/curs21-PHP-API/index.php:0
[11-Mar-2017 18:41:09 UTC] PHP Notice:  Undefined index: REDIRECT_URL in /home/ubuntu/workspace/curs21-PHP-API/index.php on line 13
[11-Mar-2017 18:41:09 UTC] PHP Stack trace:
[11-Mar-2017 18:41:09 UTC] PHP   1. {main}() /home/ubuntu/workspace/curs21-PHP-API/index.php:0
[11-Mar-2017 18:49:09 UTC] PHP Notice:  Undefined variable: url in /home/ubuntu/workspace/curs21-PHP-API/index.php on line 15
[11-Mar-2017 18:49:09 UTC] PHP Stack trace:
[11-Mar-2017 18:49:09 UTC] PHP   1. {main}() /home/ubuntu/workspace/curs21-PHP-API/index.php:0
[12-Mar-2017 18:29:37 UTC] PHP Notice:  Undefined index: REDIRECT_URL in /home/ubuntu/workspace/curs21-PHP-API/index.php on line 13
[12-Mar-2017 18:29:37 UTC] PHP Stack trace:
[12-Mar-2017 18:29:37 UTC] PHP   1. {main}() /home/ubuntu/workspace/curs21-PHP-API/index.php:0
[12-Mar-2017 18:31:03 UTC] PHP Notice:  Undefined index: REDIRECT_URL in /home/ubuntu/workspace/curs21-PHP-API/index.php on line 13
[12-Mar-2017 18:31:03 UTC] PHP Stack trace:
[12-Mar-2017 18:31:03 UTC] PHP   1. {main}() /home/ubuntu/workspace/curs21-PHP-API/index.php:0
[12-Mar-2017 18:31:18 UTC] PHP Notice:  Undefined index: REDIRECT_URL in /home/ubuntu/workspace/curs21-PHP-API/index.php on line 13
[12-Mar-2017 18:31:18 UTC] PHP Stack trace:
[12-Mar-2017 18:31:18 UTC] PHP   1. {main}() /home/ubuntu/workspace/curs21-PHP-API/index.php:0
[13-Mar-2017 17:00:14 UTC] PHP Parse error:  syntax error, unexpected end of file in /home/ubuntu/workspace/curs21-PHP-API/index.php on line 56
[13-Mar-2017 17:18:11 UTC] PHP Notice:  Undefined variable: routes in /home/ubuntu/workspace/curs21-PHP-API/index.php on line 14
[13-Mar-2017 17:18:11 UTC] PHP Stack trace:
[13-Mar-2017 17:18:11 UTC] PHP   1. {main}() /home/ubuntu/workspace/curs21-PHP-API/index.php:0
[13-Mar-2017 17:18:11 UTC] PHP Warning:  array_key_exists() expects parameter 2 to be array, null given in /home/ubuntu/workspace/curs21-PHP-API/index.php on line 14
[13-Mar-2017 17:18:11 UTC] PHP Stack trace:
[13-Mar-2017 17:18:11 UTC] PHP   1. {main}() /home/ubuntu/workspace/curs21-PHP-API/index.php:0
[13-Mar-2017 17:18:11 UTC] PHP   2. array_key_exists() /home/ubuntu/workspace/curs21-PHP-API/index.php:14
[13-Mar-2017 17:18:18 UTC] PHP Notice:  Undefined variable: routes in /home/ubuntu/workspace/curs21-PHP-API/index.php on line 14
[13-Mar-2017 17:18:18 UTC] PHP Stack trace:
[13-Mar-2017 17:18:18 UTC] PHP   1. {main}() /home/ubuntu/workspace/curs21-PHP-API/index.php:0
[13-Mar-2017 17:18:18 UTC] PHP Warning:  array_key_exists() expects parameter 2 to be array, null given in /home/ubuntu/workspace/curs21-PHP-API/index.php on line 14
[13-Mar-2017 17:18:18 UTC] PHP Stack trace:
[13-Mar-2017 17:18:18 UTC] PHP   1. {main}() /home/ubuntu/workspace/curs21-PHP-API/index.php:0
[13-Mar-2017 17:18:18 UTC] PHP   2. array_key_exists() /home/ubuntu/workspace/curs21-PHP-API/index.php:14
[13-Mar-2017 17:45:41 UTC] PHP Parse error:  syntax error, unexpected '}' in /home/ubuntu/workspace/curs21-PHP-API/app/controllers/Articles.php on line 9
[13-Mar-2017 17:45:41 UTC] PHP Stack trace:
[13-Mar-2017 17:45:41 UTC] PHP   1. {main}() /home/ubuntu/workspace/curs21-PHP-API/index.php:0
[13-Mar-2017 18:19:54 UTC] PHP Parse error:  syntax error, unexpected '}' in /home/ubuntu/workspace/curs21-PHP-API/app/controllers/Articles.php on line 9
[13-Mar-2017 18:19:54 UTC] PHP Stack trace:
[13-Mar-2017 18:19:54 UTC] PHP   1. {main}() /home/ubuntu/workspace/curs21-PHP-API/index.php:0
[13-Mar-2017 18:21:36 UTC] PHP Fatal error:  Call to undefined method ArticlesModel::deleteItem() in /home/ubuntu/workspace/curs21-PHP-API/app/controllers/Articles.php on line 38
[13-Mar-2017 18:21:36 UTC] PHP Stack trace:
[13-Mar-2017 18:21:36 UTC] PHP   1. {main}() /home/ubuntu/workspace/curs21-PHP-API/index.php:0
[13-Mar-2017 18:21:36 UTC] PHP   2. Articles->deleteItem() /home/ubuntu/workspace/curs21-PHP-API/index.php:20
[13-Mar-2017 18:28:35 UTC] PHP Fatal error:  Call to undefined method ArticlesModel::deleteItem() in /home/ubuntu/workspace/curs21-PHP-API/app/controllers/Articles.php on line 38
[13-Mar-2017 18:28:35 UTC] PHP Stack trace:
[13-Mar-2017 18:28:35 UTC] PHP   1. {main}() /home/ubuntu/workspace/curs21-PHP-API/index.php:0
[13-Mar-2017 18:28:35 UTC] PHP   2. Articles->deleteItem() /home/ubuntu/workspace/curs21-PHP-API/index.php:20
[13-Mar-2017 18:30:55 UTC] PHP Parse error:  syntax error, unexpected '}' in /home/ubuntu/workspace/curs21-PHP-API/app/models/ArticlesModel.php on line 41
[13-Mar-2017 18:30:55 UTC] PHP Stack trace:
[13-Mar-2017 18:30:55 UTC] PHP   1. {main}() /home/ubuntu/workspace/curs21-PHP-API/index.php:0
[13-Mar-2017 18:30:55 UTC] PHP   2. require() /home/ubuntu/workspace/curs21-PHP-API/index.php:18
[15-Mar-2017 17:19:44 UTC] PHP Parse error:  syntax error, unexpected 'print_r' (T_STRING), expecting function (T_FUNCTION) in /home/ubuntu/workspace/curs21-PHP-API/app/controllers/Articles.php on line 15
[15-Mar-2017 17:19:44 UTC] PHP Stack trace:
[15-Mar-2017 17:19:44 UTC] PHP   1. {main}() /home/ubuntu/workspace/curs21-PHP-API/index.php:0
[15-Mar-2017 17:32:56 UTC] PHP Notice:  Undefined variable: methodReq in /home/ubuntu/workspace/curs21-PHP-API/index.php on line 20
[15-Mar-2017 17:32:56 UTC] PHP Stack trace:
[15-Mar-2017 17:32:56 UTC] PHP   1. {main}() /home/ubuntu/workspace/curs21-PHP-API/index.php:0
[15-Mar-2017 17:32:56 UTC] PHP Notice:  Undefined variable: methodReq in /home/ubuntu/workspace/curs21-PHP-API/index.php on line 27
[15-Mar-2017 17:32:56 UTC] PHP Stack trace:
[15-Mar-2017 17:32:56 UTC] PHP   1. {main}() /home/ubuntu/workspace/curs21-PHP-API/index.php:0
[15-Mar-2017 17:32:56 UTC] PHP Notice:  Undefined variable: methodReq in /home/ubuntu/workspace/curs21-PHP-API/index.php on line 29
[15-Mar-2017 17:32:56 UTC] PHP Stack trace:
[15-Mar-2017 17:32:56 UTC] PHP   1. {main}() /home/ubuntu/workspace/curs21-PHP-API/index.php:0
[15-Mar-2017 17:42:35 UTC] PHP Parse error:  syntax error, unexpected '=' in /home/ubuntu/workspace/curs21-PHP-API/index.php on line 29
[15-Mar-2017 17:43:30 UTC] PHP Parse error:  syntax error, unexpected '=' in /home/ubuntu/workspace/curs21-PHP-API/index.php on line 29
[15-Mar-2017 19:00:48 UTC] PHP Notice:  Undefined variable: _SESSION in /home/ubuntu/workspace/curs21-PHP-API/app/controllers/Account.php on line 21
[15-Mar-2017 19:00:48 UTC] PHP Stack trace:
[15-Mar-2017 19:00:48 UTC] PHP   1. {main}() /home/ubuntu/workspace/curs21-PHP-API/index.php:0
[15-Mar-2017 19:00:48 UTC] PHP   2. Account->logout() /home/ubuntu/workspace/curs21-PHP-API/index.php:49
[15-Mar-2017 19:00:48 UTC] PHP Notice:  Undefined variable: _SESSION in /home/ubuntu/workspace/curs21-PHP-API/app/controllers/Account.php on line 22
[15-Mar-2017 19:00:48 UTC] PHP Stack trace:
[15-Mar-2017 19:00:48 UTC] PHP   1. {main}() /home/ubuntu/workspace/curs21-PHP-API/index.php:0
[15-Mar-2017 19:00:48 UTC] PHP   2. Account->logout() /home/ubuntu/workspace/curs21-PHP-API/index.php:49
[15-Mar-2017 19:00:48 UTC] PHP Warning:  session_destroy(): Trying to destroy uninitialized session in /home/ubuntu/workspace/curs21-PHP-API/app/controllers/Account.php on line 23
[15-Mar-2017 19:00:48 UTC] PHP Stack trace:
[15-Mar-2017 19:00:48 UTC] PHP   1. {main}() /home/ubuntu/workspace/curs21-PHP-API/index.php:0
[15-Mar-2017 19:00:48 UTC] PHP   2. Account->logout() /home/ubuntu/workspace/curs21-PHP-API/index.php:49
[15-Mar-2017 19:00:48 UTC] PHP   3. session_destroy() /home/ubuntu/workspace/curs21-PHP-API/app/controllers/Account.php:23
