[28-Jan-2017 18:57:59 UTC] PHP Parse error:  syntax error, unexpected end of file in /home/ubuntu/workspace/Curs10TableExercise/_tema/arrays.php on line 53
[28-Jan-2017 18:58:28 UTC] PHP Parse error:  syntax error, unexpected end of file in /home/ubuntu/workspace/Curs10TableExercise/_tema/arrays.php on line 53
[28-Jan-2017 18:58:41 UTC] PHP Parse error:  syntax error, unexpected end of file in /home/ubuntu/workspace/Curs10TableExercise/_tema/arrays.php on line 53
[28-Jan-2017 18:59:00 UTC] PHP Parse error:  syntax error, unexpected end of file in /home/ubuntu/workspace/Curs10TableExercise/_tema/arrays.php on line 46
[28-Jan-2017 18:59:16 UTC] PHP Parse error:  syntax error, unexpected end of file in /home/ubuntu/workspace/Curs10TableExercise/_tema/arrays.php on line 46
[28-Jan-2017 19:26:30 UTC] PHP Parse error:  syntax error, unexpected end of file in /home/ubuntu/workspace/Curs10TableExercise/_tema/arrays.php on line 46
[28-Jan-2017 19:31:34 UTC] PHP Parse error:  syntax error, unexpected end of file in /home/ubuntu/workspace/Curs10TableExercise/_tema/arrays.php on line 45
[28-Jan-2017 20:41:56 UTC] PHP Parse error:  syntax error, unexpected '{', expecting ')' in /home/ubuntu/workspace/Curs10TableExercise/_tema/arrays2.php on line 2
[28-Jan-2017 20:42:10 UTC] PHP Parse error:  syntax error, unexpected '{', expecting ')' in /home/ubuntu/workspace/Curs10TableExercise/_tema/arrays2.php on line 2
[28-Jan-2017 20:44:08 UTC] PHP Parse error:  syntax error, unexpected '{', expecting ')' in /home/ubuntu/workspace/Curs10TableExercise/_tema/arrays2.php on line 2
[28-Jan-2017 20:51:30 UTC] PHP Parse error:  syntax error, unexpected '{', expecting ')' in /home/ubuntu/workspace/Curs10TableExercise/_tema/arrays2.php on line 2
[28-Jan-2017 20:56:53 UTC] PHP Parse error:  syntax error, unexpected '}' in /home/ubuntu/workspace/Curs10TableExercise/_tema/index2.php on line 20
[28-Jan-2017 21:21:04 UTC] PHP Fatal error:  Allowed memory size of 134217728 bytes exhausted (tried to allocate 133955537 bytes) in /home/ubuntu/workspace/Curs10TableExercise/_tema/index2.php on line 10
[28-Jan-2017 21:21:04 UTC] PHP Stack trace:
[28-Jan-2017 21:21:04 UTC] PHP   1. {main}() /home/ubuntu/workspace/Curs10TableExercise/_tema/index2.php:0
[28-Jan-2017 21:21:48 UTC] PHP Fatal error:  Allowed memory size of 134217728 bytes exhausted (tried to allocate 133955537 bytes) in /home/ubuntu/workspace/Curs10TableExercise/_tema/index2.php on line 10
[28-Jan-2017 21:21:48 UTC] PHP Stack trace:
[28-Jan-2017 21:21:48 UTC] PHP   1. {main}() /home/ubuntu/workspace/Curs10TableExercise/_tema/index2.php:0
[29-Jan-2017 07:13:09 UTC] PHP Fatal error:  Allowed memory size of 134217728 bytes exhausted (tried to allocate 133955537 bytes) in /home/ubuntu/workspace/Curs10TableExercise/_tema/index2.php on line 10
[29-Jan-2017 07:13:09 UTC] PHP Stack trace:
[29-Jan-2017 07:13:09 UTC] PHP   1. {main}() /home/ubuntu/workspace/Curs10TableExercise/_tema/index2.php:0
[29-Jan-2017 07:14:41 UTC] PHP Fatal error:  Allowed memory size of 134217728 bytes exhausted (tried to allocate 133955537 bytes) in /home/ubuntu/workspace/Curs10TableExercise/_tema/index2.php on line 10
[29-Jan-2017 07:14:41 UTC] PHP Stack trace:
[29-Jan-2017 07:14:41 UTC] PHP   1. {main}() /home/ubuntu/workspace/Curs10TableExercise/_tema/index2.php:0
[29-Jan-2017 08:46:55 UTC] PHP Parse error:  syntax error, unexpected '.', expecting ')' in /home/ubuntu/workspace/Curs10TableExercise/_tema/arrays.php on line 2
[29-Jan-2017 08:59:24 UTC] PHP Parse error:  syntax error, unexpected '.', expecting ')' in /home/ubuntu/workspace/Curs10TableExercise/_tema/arrays.php on line 2
[29-Jan-2017 08:59:27 UTC] PHP Parse error:  syntax error, unexpected '.', expecting ')' in /home/ubuntu/workspace/Curs10TableExercise/_tema/arrays.php on line 2
[29-Jan-2017 09:00:37 UTC] PHP Parse error:  syntax error, unexpected '"Alexandra Huluban"' (T_CONSTANT_ENCAPSED_STRING) in /home/ubuntu/workspace/Curs10TableExercise/_tema/arrays.php on line 2
[29-Jan-2017 09:01:00 UTC] PHP Parse error:  syntax error, unexpected ',' in /home/ubuntu/workspace/Curs10TableExercise/_tema/arrays.php on line 2
[29-Jan-2017 09:05:25 UTC] PHP Warning:  Invalid argument supplied for foreach() in /home/ubuntu/workspace/Curs10TableExercise/_tema/arrays.php on line 29
[29-Jan-2017 09:05:25 UTC] PHP Stack trace:
[29-Jan-2017 09:05:25 UTC] PHP   1. {main}() /home/ubuntu/workspace/Curs10TableExercise/_tema/arrays.php:0
